[2014/02/06 09:38:08.792] II [interlinked] Connecting to irc.interlinked.me:6697
[2014/02/06 09:38:09.872] II [interlinked] Using SSL with irc.interlinked.me:6697
[2014/02/06 09:38:11.319] II [interlinked] [SASL] Trying to authenticate with DH-BLOWFISH
[2014/02/06 09:38:11.761] !! [interlinked] /var/lib/gems/1.9.1/gems/cinch-2.0.12/lib/cinch/sasl/dh_blowfish.rb:42:in `dup': can't dup NilClass (TypeError)
[2014/02/06 09:38:11.761] !! [interlinked] 	/var/lib/gems/1.9.1/gems/cinch-2.0.12/lib/cinch/sasl/dh_blowfish.rb:42:in `generate'
[2014/02/06 09:38:11.761] !! [interlinked] 	/var/lib/gems/1.9.1/gems/cinch-2.0.12/lib/cinch/irc.rb:894:in `on_authenticate'
[2014/02/06 09:38:11.761] !! [interlinked] 	/var/lib/gems/1.9.1/gems/cinch-2.0.12/lib/cinch/irc.rb:263:in `parse'
[2014/02/06 09:38:11.761] !! [interlinked] 	/var/lib/gems/1.9.1/gems/cinch-2.0.12/lib/cinch/irc.rb:151:in `block (2 levels) in start_reading_thread'
[2014/02/06 09:38:11.761] !! [interlinked] 	/var/lib/gems/1.9.1/gems/cinch-2.0.12/lib/cinch/helpers.rb:122:in `rescue_exception'
[2014/02/06 09:38:11.761] !! [interlinked] 	/var/lib/gems/1.9.1/gems/cinch-2.0.12/lib/cinch/irc.rb:149:in `block in start_reading_thread'
[2014/02/06 09:45:11.712] II [interlinked] Connecting to irc.interlinked.me:6697
[2014/02/06 09:45:12.095] II [interlinked] Using SSL with irc.interlinked.me:6697
[2014/02/06 09:45:13.464] II [interlinked] [SASL] Trying to authenticate with DH-BLOWFISH
[2014/02/06 09:45:14.961] II [interlinked] [SASL] SASL authentication with DH-BLOWFISH failed
[2014/02/06 09:45:14.961] II [interlinked] [SASL] Trying to authenticate with PLAIN
[2014/02/06 09:45:16.455] II [interlinked] [SASL] SASL authentication with PLAIN failed
[2014/02/06 09:45:17.681] II [interlinked] Detected IRCd: charybdis
[2014/02/06 09:45:17.683] II [interlinked] Detected network: interlinked
[2014/02/06 09:52:02.374] II [interlinked] Connecting to irc.interlinked.me:6697
[2014/02/06 09:52:02.723] II [interlinked] Using SSL with irc.interlinked.me:6697
[2014/02/06 09:52:04.120] II [interlinked] [SASL] Trying to authenticate with DH-BLOWFISH
[2014/02/06 09:52:05.615] II [interlinked] [SASL] SASL authentication with DH-BLOWFISH failed
[2014/02/06 09:52:05.615] II [interlinked] [SASL] Trying to authenticate with PLAIN
[2014/02/06 09:52:07.900] II [interlinked] [SASL] SASL authentication with PLAIN failed
[2014/02/06 09:52:08.127] II [interlinked] Detected IRCd: charybdis
[2014/02/06 09:52:08.129] II [interlinked] Detected network: interlinked
